<?xml version="1.0" encoding="UTF-8"?>
<testsuite name="web-test"
           tests="4"
           failures="1"
           errors="0"
           skipped="0"
           time="34.804">
  <properties />
            <testcase name="failedlogInTest" time="3.684" classname="com.hellofresh.challenge.WebTest">
                <failure type="java.lang.AssertionError"
                  message="Fail ::TC failed"
              >
<![CDATA[java.lang.AssertionError: Fail ::TC failed
  org.testng.Assert.fail(Assert.java:96)
  com.hellofresh.driver.DriverManager.logReport(DriverManager.java:93)
  com.hellofresh.challenge.WebTest.failedlogInTest(WebTest.java:73)
  sun.reflect.NativeMethodAccessorImpl.invoke0(Native Method)
  sun.reflect.NativeMethodAccessorImpl.invoke(NativeMethodAccessorImpl.java:62)
  sun.reflect.DelegatingMethodAccessorImpl.invoke(DelegatingMethodAccessorImpl.java:43)
  java.lang.reflect.Method.invoke(Method.java:498)
  org.testng.internal.MethodInvocationHelper.invokeMethod(MethodInvocationHelper.java:124)
  org.testng.internal.Invoker.invokeMethod(Invoker.java:583)
  org.testng.internal.Invoker.invokeTestMethod(Invoker.java:719)
  org.testng.internal.Invoker.invokeTestMethods(Invoker.java:989)
  org.testng.internal.TestMethodWorker.invokeTestMethods(TestMethodWorker.java:125)
  org.testng.internal.TestMethodWorker.run(TestMethodWorker.java:109)
  org.testng.TestRunner.privateRun(TestRunner.java:648)
  org.testng.TestRunner.run(TestRunner.java:505)
  org.testng.SuiteRunner.runTest(SuiteRunner.java:455)
  org.testng.SuiteRunner.access$000(SuiteRunner.java:40)
  org.testng.SuiteRunner$SuiteWorker.run(SuiteRunner.java:489)
  org.testng.internal.thread.ThreadUtil$1.call(ThreadUtil.java:52)
  java.util.concurrent.FutureTask.run(FutureTask.java:266)
  java.util.concurrent.ThreadPoolExecutor.runWorker(ThreadPoolExecutor.java:1142)
  java.util.concurrent.ThreadPoolExecutor$Worker.run(ThreadPoolExecutor.java:617)
  java.lang.Thread.run(Thread.java:745)
]]>
      </failure>

          </testcase>
  
  
            <testcase name="signIn" time="8.829" classname="com.hellofresh.challenge.WebTest" />
                <testcase name="logInTest" time="3.833" classname="com.hellofresh.challenge.WebTest" />
                <testcase name="checkoutTest" time="18.458" classname="com.hellofresh.challenge.WebTest" />
      
</testsuite>
