<?xml version="1.0" encoding="UTF-8"?>
<testng-results skipped="0" failed="1" ignored="0" total="4" passed="3">
  <reporter-output>
    <line>
      <![CDATA[Pass ::Launch chrome with URL http://automationpractice.com/index.php]]>
    </line>
    <line>
      <![CDATA[Pass ::browser closed successfully]]>
    </line>
    <line>
      <![CDATA[Pass ::Launch chrome with URL http://automationpractice.com/index.php]]>
    </line>
    <line>
      <![CDATA[Pass ::browser closed successfully]]>
    </line>
    <line>
      <![CDATA[Pass ::Launch chrome with URL http://automationpractice.com/index.php]]>
    </line>
    <line>
      <![CDATA[Fail ::TC failedD:\Others\qa-test-hf_1.3\qa-test-hf\Screenshots\]]>
    </line>
    <line>
      <![CDATA[Pass ::browser closed successfully]]>
    </line>
    <line>
      <![CDATA[Pass ::Launch chrome with URL http://automationpractice.com/index.php]]>
    </line>
    <line>
      <![CDATA[Pass ::browser closed successfully]]>
    </line>
  </reporter-output>
  <suite name="Web Testing" duration-ms="71102" started-at="2019-09-20T09:58:01Z" finished-at="2019-09-20T09:59:12Z">
    <groups>
    </groups>
    <test name="web-test" duration-ms="71102" started-at="2019-09-20T09:58:01Z" finished-at="2019-09-20T09:59:12Z">
      <class name="com.hellofresh.challenge.WebTest">
        <test-method status="PASS" signature="setUp()[pri:0, instance:com.hellofresh.challenge.WebTest@71bbf57e]" name="setUp" is-config="true" duration-ms="9618" started-at="2019-09-20T09:58:01Z" finished-at="2019-09-20T09:58:11Z">
          <reporter-output>
            <line>
              <![CDATA[Pass ::Launch chrome with URL http://automationpractice.com/index.php]]>
            </line>
          </reporter-output>
        </test-method> <!-- setUp -->
        <test-method status="PASS" signature="signIn()[pri:1, instance:com.hellofresh.challenge.WebTest@71bbf57e]" name="signIn" duration-ms="8829" started-at="2019-09-20T09:58:11Z" finished-at="2019-09-20T09:58:20Z">
          <reporter-output>
          </reporter-output>
        </test-method> <!-- signIn -->
        <test-method status="PASS" signature="tearDown(org.testng.ITestResult)[pri:0, instance:com.hellofresh.challenge.WebTest@71bbf57e]" name="tearDown" is-config="true" duration-ms="57" started-at="2019-09-20T09:58:20Z" finished-at="2019-09-20T09:58:20Z">
          <params>
            <param index="0">
              <value>
                <![CDATA[[TestResult name=signIn status=SUCCESS method=WebTest.signIn()[pri:1, instance:com.hellofresh.challenge.WebTest@71bbf57e] output={null}]]]>
              </value>
            </param>
          </params>
          <reporter-output>
            <line>
              <![CDATA[Pass ::browser closed successfully]]>
            </line>
          </reporter-output>
        </test-method> <!-- tearDown -->
        <test-method status="PASS" signature="setUp()[pri:0, instance:com.hellofresh.challenge.WebTest@71bbf57e]" name="setUp" is-config="true" duration-ms="8413" started-at="2019-09-20T09:58:20Z" finished-at="2019-09-20T09:58:28Z">
          <reporter-output>
            <line>
              <![CDATA[Pass ::Launch chrome with URL http://automationpractice.com/index.php]]>
            </line>
          </reporter-output>
        </test-method> <!-- setUp -->
        <test-method status="PASS" signature="logInTest()[pri:2, instance:com.hellofresh.challenge.WebTest@71bbf57e]" name="logInTest" duration-ms="3833" started-at="2019-09-20T09:58:28Z" finished-at="2019-09-20T09:58:32Z">
          <reporter-output>
          </reporter-output>
        </test-method> <!-- logInTest -->
        <test-method status="PASS" signature="tearDown(org.testng.ITestResult)[pri:0, instance:com.hellofresh.challenge.WebTest@71bbf57e]" name="tearDown" is-config="true" duration-ms="57" started-at="2019-09-20T09:58:32Z" finished-at="2019-09-20T09:58:32Z">
          <params>
            <param index="0">
              <value>
                <![CDATA[[TestResult name=logInTest status=SUCCESS method=WebTest.logInTest()[pri:2, instance:com.hellofresh.challenge.WebTest@71bbf57e] output={null}]]]>
              </value>
            </param>
          </params>
          <reporter-output>
            <line>
              <![CDATA[Pass ::browser closed successfully]]>
            </line>
          </reporter-output>
        </test-method> <!-- tearDown -->
        <test-method status="PASS" signature="setUp()[pri:0, instance:com.hellofresh.challenge.WebTest@71bbf57e]" name="setUp" is-config="true" duration-ms="8701" started-at="2019-09-20T09:58:32Z" finished-at="2019-09-20T09:58:41Z">
          <reporter-output>
            <line>
              <![CDATA[Pass ::Launch chrome with URL http://automationpractice.com/index.php]]>
            </line>
          </reporter-output>
        </test-method> <!-- setUp -->
        <test-method status="FAIL" signature="failedlogInTest()[pri:3, instance:com.hellofresh.challenge.WebTest@71bbf57e]" name="failedlogInTest" duration-ms="3684" started-at="2019-09-20T09:58:41Z" finished-at="2019-09-20T09:58:45Z">
          <exception class="java.lang.AssertionError">
            <message>
              <![CDATA[Fail ::TC failed]]>
            </message>
            <full-stacktrace>
              <![CDATA[java.lang.AssertionError: Fail ::TC failed
at org.testng.Assert.fail(Assert.java:96)
at com.hellofresh.driver.DriverManager.logReport(DriverManager.java:93)
at com.hellofresh.challenge.WebTest.failedlogInTest(WebTest.java:73)
at sun.reflect.NativeMethodAccessorImpl.invoke0(Native Method)
at sun.reflect.NativeMethodAccessorImpl.invoke(NativeMethodAccessorImpl.java:62)
at sun.reflect.DelegatingMethodAccessorImpl.invoke(DelegatingMethodAccessorImpl.java:43)
at java.lang.reflect.Method.invoke(Method.java:498)
at org.testng.internal.MethodInvocationHelper.invokeMethod(MethodInvocationHelper.java:124)
at org.testng.internal.Invoker.invokeMethod(Invoker.java:583)
at org.testng.internal.Invoker.invokeTestMethod(Invoker.java:719)
at org.testng.internal.Invoker.invokeTestMethods(Invoker.java:989)
at org.testng.internal.TestMethodWorker.invokeTestMethods(TestMethodWorker.java:125)
at org.testng.internal.TestMethodWorker.run(TestMethodWorker.java:109)
at org.testng.TestRunner.privateRun(TestRunner.java:648)
at org.testng.TestRunner.run(TestRunner.java:505)
at org.testng.SuiteRunner.runTest(SuiteRunner.java:455)
at org.testng.SuiteRunner.access$000(SuiteRunner.java:40)
at org.testng.SuiteRunner$SuiteWorker.run(SuiteRunner.java:489)
at org.testng.internal.thread.ThreadUtil$1.call(ThreadUtil.java:52)
at java.util.concurrent.FutureTask.run(FutureTask.java:266)
at java.util.concurrent.ThreadPoolExecutor.runWorker(ThreadPoolExecutor.java:1142)
at java.util.concurrent.ThreadPoolExecutor$Worker.run(ThreadPoolExecutor.java:617)
at java.lang.Thread.run(Thread.java:745)
]]>
            </full-stacktrace>
          </exception> <!-- java.lang.AssertionError -->
          <reporter-output>
            <line>
              <![CDATA[Fail ::TC failedD:\Others\qa-test-hf_1.3\qa-test-hf\Screenshots\]]>
            </line>
          </reporter-output>
        </test-method> <!-- failedlogInTest -->
        <test-method status="PASS" signature="tearDown(org.testng.ITestResult)[pri:0, instance:com.hellofresh.challenge.WebTest@71bbf57e]" name="tearDown" is-config="true" duration-ms="511" started-at="2019-09-20T09:58:45Z" finished-at="2019-09-20T09:58:45Z">
          <params>
            <param index="0">
              <value>
                <![CDATA[[TestResult name=failedlogInTest status=FAILURE method=WebTest.failedlogInTest()[pri:3, instance:com.hellofresh.challenge.WebTest@71bbf57e] output=Fail ::TC failedD:\Others\qa-test-hf_1.3\qa-test-hf\Screenshots\]]]>
              </value>
            </param>
          </params>
          <reporter-output>
            <line>
              <![CDATA[Pass ::browser closed successfully]]>
            </line>
          </reporter-output>
        </test-method> <!-- tearDown -->
        <test-method status="PASS" signature="setUp()[pri:0, instance:com.hellofresh.challenge.WebTest@71bbf57e]" name="setUp" is-config="true" duration-ms="8864" started-at="2019-09-20T09:58:45Z" finished-at="2019-09-20T09:58:54Z">
          <reporter-output>
            <line>
              <![CDATA[Pass ::Launch chrome with URL http://automationpractice.com/index.php]]>
            </line>
          </reporter-output>
        </test-method> <!-- setUp -->
        <test-method status="PASS" signature="checkoutTest()[pri:4, instance:com.hellofresh.challenge.WebTest@71bbf57e]" name="checkoutTest" duration-ms="18458" started-at="2019-09-20T09:58:54Z" finished-at="2019-09-20T09:59:12Z">
          <reporter-output>
          </reporter-output>
        </test-method> <!-- checkoutTest -->
        <test-method status="PASS" signature="tearDown(org.testng.ITestResult)[pri:0, instance:com.hellofresh.challenge.WebTest@71bbf57e]" name="tearDown" is-config="true" duration-ms="53" started-at="2019-09-20T09:59:12Z" finished-at="2019-09-20T09:59:12Z">
          <params>
            <param index="0">
              <value>
                <![CDATA[[TestResult name=checkoutTest status=SUCCESS method=WebTest.checkoutTest()[pri:4, instance:com.hellofresh.challenge.WebTest@71bbf57e] output={null}]]]>
              </value>
            </param>
          </params>
          <reporter-output>
            <line>
              <![CDATA[Pass ::browser closed successfully]]>
            </line>
          </reporter-output>
        </test-method> <!-- tearDown -->
      </class> <!-- com.hellofresh.challenge.WebTest -->
    </test> <!-- web-test -->
  </suite> <!-- Web Testing -->
</testng-results>
